<?xml version="1.0" encoding="UTF-8"?>
<!-- Generated by org.testng.reporters.JUnitReportReporter -->
<testsuite hostname="Ravi-Ranjan" failures="0" tests="1" name="tests.RunTest" time="310.141" errors="0" timestamp="2025-08-29T22:36:30 IST" skipped="0">
  <testcase classname="tests.RunTest" name="run" time="310.141"/>
</testsuite> <!-- tests.RunTest -->
